<?xml version="1.0" encoding="UTF-8"?>
<testng-results ignored="0" total="2" passed="2" failed="0" skipped="0">
  <reporter-output>
  </reporter-output>
  <suite started-at="2023-05-04T13:50:09 IST" name="All Test Suite" finished-at="2023-05-04T13:50:57 IST" duration-ms="47225">
    <groups>
    </groups>
    <test started-at="2023-05-04T13:50:09 IST" name="Paste bin" finished-at="2023-05-04T13:50:40 IST" duration-ms="30283">
      <class name="org.example.PasteBinTest">
        <test-method is-config="true" signature="setDriver()[pri:0, instance:org.example.PasteBinTest@72a7c7e0]" started-at="2023-05-04T13:50:10 IST" name="setDriver" finished-at="2023-05-04T13:50:17 IST" duration-ms="7080" status="PASS">
          <reporter-output>
          </reporter-output>
        </test-method> <!-- setDriver -->
        <test-method signature="paste()[pri:0, instance:org.example.PasteBinTest@72a7c7e0]" started-at="2023-05-04T13:50:17 IST" name="paste" finished-at="2023-05-04T13:50:39 IST" duration-ms="22807" status="PASS">
          <reporter-output>
          </reporter-output>
        </test-method> <!-- paste -->
        <test-method is-config="true" signature="closeDriver()[pri:0, instance:org.example.PasteBinTest@72a7c7e0]" started-at="2023-05-04T13:50:39 IST" name="closeDriver" finished-at="2023-05-04T13:50:40 IST" duration-ms="344" status="PASS">
          <reporter-output>
          </reporter-output>
        </test-method> <!-- closeDriver -->
      </class> <!-- org.example.PasteBinTest -->
    </test> <!-- Paste bin -->
    <test started-at="2023-05-04T13:50:09 IST" name="Check VM Class" finished-at="2023-05-04T13:50:57 IST" duration-ms="47225">
      <class name="org.example.CalculatorPageTest">
        <test-method is-config="true" signature="setDriver()[pri:0, instance:org.example.CalculatorPageTest@123ef382]" started-at="2023-05-04T13:50:10 IST" name="setDriver" finished-at="2023-05-04T13:50:17 IST" duration-ms="7086" status="PASS">
          <reporter-output>
          </reporter-output>
        </test-method> <!-- setDriver -->
        <test-method signature="checkInformationInVmClassString()[pri:0, instance:org.example.CalculatorPageTest@123ef382]" started-at="2023-05-04T13:50:17 IST" name="checkInformationInVmClassString" finished-at="2023-05-04T13:50:56 IST" duration-ms="39417" status="PASS">
          <reporter-output>
          </reporter-output>
        </test-method> <!-- checkInformationInVmClassString -->
        <test-method is-config="true" signature="closeDriver()[pri:0, instance:org.example.CalculatorPageTest@123ef382]" started-at="2023-05-04T13:50:56 IST" name="closeDriver" finished-at="2023-05-04T13:50:57 IST" duration-ms="678" status="PASS">
          <reporter-output>
          </reporter-output>
        </test-method> <!-- closeDriver -->
      </class> <!-- org.example.CalculatorPageTest -->
    </test> <!-- Check VM Class -->
  </suite> <!-- All Test Suite -->
</testng-results>
