<?xml version="1.0" encoding="UTF-8"?>
<testng-results ignored="0" total="2" passed="2" failed="0" skipped="0">
  <reporter-output>
  </reporter-output>
  <suite started-at="2023-05-08T22:30:32 IST" name="All Test Suite" finished-at="2023-05-08T22:31:13 IST" duration-ms="40293">
    <groups>
    </groups>
    <test started-at="2023-05-08T22:30:32 IST" name="Paste bin" finished-at="2023-05-08T22:30:57 IST" duration-ms="24948">
      <class name="org.example.PasteBinTest">
        <test-method is-config="true" signature="setDriver()[pri:0, instance:org.example.PasteBinTest@72a7c7e0]" started-at="2023-05-08T22:30:32 IST" name="setDriver" finished-at="2023-05-08T22:30:38 IST" duration-ms="5380" status="PASS">
          <reporter-output>
          </reporter-output>
        </test-method> <!-- setDriver -->
        <test-method signature="paste()[pri:0, instance:org.example.PasteBinTest@72a7c7e0]" started-at="2023-05-08T22:30:38 IST" name="paste" finished-at="2023-05-08T22:30:57 IST" duration-ms="19270" status="PASS">
          <reporter-output>
          </reporter-output>
        </test-method> <!-- paste -->
        <test-method is-config="true" signature="closeDriver()[pri:0, instance:org.example.PasteBinTest@72a7c7e0]" started-at="2023-05-08T22:30:57 IST" name="closeDriver" finished-at="2023-05-08T22:30:57 IST" duration-ms="261" status="PASS">
          <reporter-output>
          </reporter-output>
        </test-method> <!-- closeDriver -->
      </class> <!-- org.example.PasteBinTest -->
    </test> <!-- Paste bin -->
    <test started-at="2023-05-08T22:30:32 IST" name="Check VM Class" finished-at="2023-05-08T22:31:13 IST" duration-ms="40293">
      <class name="org.example.CalculatorPageTest">
        <test-method is-config="true" signature="setDriver()[pri:0, instance:org.example.CalculatorPageTest@123ef382]" started-at="2023-05-08T22:30:32 IST" name="setDriver" finished-at="2023-05-08T22:30:38 IST" duration-ms="5430" status="PASS">
          <reporter-output>
          </reporter-output>
        </test-method> <!-- setDriver -->
        <test-method signature="checkInformationInVmClassString()[pri:0, instance:org.example.CalculatorPageTest@123ef382]" started-at="2023-05-08T22:30:38 IST" name="checkInformationInVmClassString" finished-at="2023-05-08T22:31:12 IST" duration-ms="34514" status="PASS">
          <reporter-output>
          </reporter-output>
        </test-method> <!-- checkInformationInVmClassString -->
        <test-method is-config="true" signature="closeDriver()[pri:0, instance:org.example.CalculatorPageTest@123ef382]" started-at="2023-05-08T22:31:12 IST" name="closeDriver" finished-at="2023-05-08T22:31:13 IST" duration-ms="315" status="PASS">
          <reporter-output>
          </reporter-output>
        </test-method> <!-- closeDriver -->
      </class> <!-- org.example.CalculatorPageTest -->
    </test> <!-- Check VM Class -->
  </suite> <!-- All Test Suite -->
</testng-results>
